<?xml version="1.0" encoding="UTF-8"?>
<!-- Generated by org.testng.reporters.JUnitReportReporter -->
<testsuite hostname="LAPTOP-HE3IJ9BH" failures="0" tests="1" name="TestDrive.SearchbarTest" time="14.811" errors="0" timestamp="2023-09-02T17:00:33 IST" skipped="0">
  <testcase classname="TestDrive.SearchbarTest" name="product" time="14.811"/>
  <system-out/>
</testsuite> <!-- TestDrive.SearchbarTest -->
