<?xml version="1.0" encoding="UTF-8"?>
<!-- Generated by org.testng.reporters.JUnitReportReporter -->
<testsuite hostname="LAPTOP-HE3IJ9BH" failures="0" tests="1" name="TestDrive.Logintest" time="17.970" errors="0" timestamp="2023-06-01T17:12:48 IST" skipped="0">
  <testcase classname="TestDrive.Logintest" name="Login" time="17.970"/>
  <system-out/>
</testsuite> <!-- TestDrive.Logintest -->
