<?xml version="1.0" encoding="UTF-8"?>
<!-- Generated by org.testng.reporters.JUnitReportReporter -->
<testsuite hostname="LAPTOP-HE3IJ9BH" failures="0" tests="1" name="TestDrive.SigninTest" time="11.058" errors="0" timestamp="2023-09-02T17:00:33 IST" skipped="0">
  <testcase classname="TestDrive.SigninTest" name="SignIn" time="11.058"/>
  <system-out/>
</testsuite> <!-- TestDrive.SigninTest -->
